<?xml version="1.0" encoding="UTF-8"?>
<!-- Generated by org.testng.reporters.JUnitReportReporter -->
<testsuite skipped="0" hostname="Rajesh-kumar4" name="com.day_2.FabHotel_Search" tests="2" failures="0" timestamp="19 Feb 2018 18:52:39 GMT" time="7.404" errors="0">
  <testcase name="searchHotel" time="6.783" classname="com.day_2.FabHotel_Search"/>
  <testcase name="hotelList" time="0.621" classname="com.day_2.FabHotel_Search"/>
</testsuite> <!-- com.day_2.FabHotel_Search -->
