<?xml version="1.0" encoding="UTF-8"?>
<!-- Generated by org.testng.reporters.JUnitReportReporter -->
<testsuite skipped="0" hostname="Rajesh-kumar4" name="day_1.Login" tests="1" failures="0" timestamp="19 Feb 2018 08:30:50 GMT" time="26.364" errors="0">
  <testcase name="loginCT" time="26.364" classname="day_1.Login"/>
</testsuite> <!-- day_1.Login -->
