<?xml version="1.0" encoding="UTF-8"?>
<!-- Generated by org.testng.reporters.JUnitReportReporter -->
<testsuite skipped="0" hostname="Rajesh-kumar4" name="com.com.day_3.NewTest1" tests="2" failures="0" timestamp="22 Feb 2018 07:53:52 GMT" time="0.035" errors="0">
  <testcase name="testCaseTwo" time="0.002" classname="com.com.day_3.NewTest1"/>
  <testcase name="testCaseOne" time="0.033" classname="com.com.day_3.NewTest1"/>
</testsuite> <!-- com.com.day_3.NewTest1 -->
