<?xml version="1.0" encoding="UTF-8"?>
<!-- Generated by org.testng.reporters.JUnitReportReporter -->
<testsuite skipped="0" hostname="Rajesh-kumar4" name="day_1.Login" tests="1" failures="0" timestamp="15 Feb 2018 20:00:11 GMT" time="4.964" errors="0">
  <testcase name="loginCT" time="4.964" classname="day_1.Login"/>
</testsuite> <!-- day_1.Login -->
