<?xml version="1.0" encoding="UTF-8"?>
<!-- Generated by org.testng.reporters.JUnitReportReporter -->
<testsuite skipped="0" hostname="Rajesh-kumar4" name="com.com.day_3.NewTest1" tests="2" failures="0" timestamp="24 Feb 2018 20:42:47 GMT" time="0.031" errors="0">
  <testcase name="testCaseTwo" time="0.001" classname="com.com.day_3.NewTest1"/>
  <testcase name="testCaseOne" time="0.030" classname="com.com.day_3.NewTest1"/>
</testsuite> <!-- com.com.day_3.NewTest1 -->
